

Started GET "/" for ::1 at 2016-01-15 14:14:29 -0800
Processing by Rails::WelcomeController#index as HTML
  Rendered /Users/kylekwon/.rvm/gems/ruby-2.2.1/gems/railties-4.2.5/lib/rails/templates/rails/welcome/index.html.erb (1.8ms)
Completed 200 OK in 19ms (Views: 11.5ms | ActiveRecord: 0.0ms)


Started GET "/" for ::1 at 2016-01-15 14:27:56 -0800
Processing by Rails::WelcomeController#index as HTML
  Rendered /Users/kylekwon/.rvm/gems/ruby-2.2.1/gems/railties-4.2.5/lib/rails/templates/rails/welcome/index.html.erb (1.1ms)
Completed 200 OK in 15ms (Views: 7.3ms | ActiveRecord: 0.0ms)
  [1m[36m (0.9ms)[0m  [1mCREATE TABLE "schema_migrations" ("version" varchar NOT NULL) [0m
  [1m[35m (0.0ms)[0m  select sqlite_version(*)
  [1m[36m (0.7ms)[0m  [1mCREATE UNIQUE INDEX "unique_schema_migrations" ON "schema_migrations" ("version")[0m
  [1m[35mActiveRecord::SchemaMigration Load (0.1ms)[0m  SELECT "schema_migrations".* FROM "schema_migrations"
Migrating to CreateHomebases (20160115224228)
  [1m[36m (0.1ms)[0m  [1mbegin transaction[0m
  [1m[35m (0.3ms)[0m  CREATE TABLE "homebases" ("id" INTEGER PRIMARY KEY AUTOINCREMENT NOT NULL, "created_at" datetime NOT NULL, "updated_at" datetime NOT NULL) 
  [1m[36mSQL (0.2ms)[0m  [1mINSERT INTO "schema_migrations" ("version") VALUES (?)[0m  [["version", "20160115224228"]]
  [1m[35m (0.8ms)[0m  commit transaction
  [1m[36mActiveRecord::SchemaMigration Load (0.1ms)[0m  [1mSELECT "schema_migrations".* FROM "schema_migrations"[0m
  [1m[36mActiveRecord::SchemaMigration Load (0.1ms)[0m  [1mSELECT "schema_migrations".* FROM "schema_migrations"[0m
  [1m[35mActiveRecord::SchemaMigration Load (0.1ms)[0m  SELECT "schema_migrations".* FROM "schema_migrations"
  [1m[36mActiveRecord::SchemaMigration Load (0.1ms)[0m  [1mSELECT "schema_migrations".* FROM "schema_migrations"[0m
Migrating to DeviseCreateUsers (20160115224542)
  [1m[35m (0.0ms)[0m  begin transaction
  [1m[36m (0.3ms)[0m  [1mCREATE TABLE "users" ("id" INTEGER PRIMARY KEY AUTOINCREMENT NOT NULL, "email" varchar DEFAULT '' NOT NULL, "encrypted_password" varchar DEFAULT '' NOT NULL, "reset_password_token" varchar, "reset_password_sent_at" datetime, "remember_created_at" datetime, "sign_in_count" integer DEFAULT 0 NOT NULL, "current_sign_in_at" datetime, "last_sign_in_at" datetime, "current_sign_in_ip" varchar, "last_sign_in_ip" varchar, "created_at" datetime NOT NULL, "updated_at" datetime NOT NULL) [0m
  [1m[35m (0.0ms)[0m  select sqlite_version(*)
  [1m[36m (0.2ms)[0m  [1mCREATE UNIQUE INDEX "index_users_on_email" ON "users" ("email")[0m
  [1m[35m (0.1ms)[0m              SELECT sql
            FROM sqlite_master
            WHERE name='index_users_on_email' AND type='index'
            UNION ALL
            SELECT sql
            FROM sqlite_temp_master
            WHERE name='index_users_on_email' AND type='index'

  [1m[36m (0.1ms)[0m  [1mCREATE UNIQUE INDEX "index_users_on_reset_password_token" ON "users" ("reset_password_token")[0m
  [1m[35mSQL (0.1ms)[0m  INSERT INTO "schema_migrations" ("version") VALUES (?)  [["version", "20160115224542"]]
  [1m[36m (1.7ms)[0m  [1mcommit transaction[0m
  [1m[35mActiveRecord::SchemaMigration Load (0.1ms)[0m  SELECT "schema_migrations".* FROM "schema_migrations"
  [1m[36m (0.1ms)[0m  [1m            SELECT sql
            FROM sqlite_master
            WHERE name='index_users_on_reset_password_token' AND type='index'
            UNION ALL
            SELECT sql
            FROM sqlite_temp_master
            WHERE name='index_users_on_reset_password_token' AND type='index'
[0m
  [1m[35m (0.1ms)[0m              SELECT sql
            FROM sqlite_master
            WHERE name='index_users_on_email' AND type='index'
            UNION ALL
            SELECT sql
            FROM sqlite_temp_master
            WHERE name='index_users_on_email' AND type='index'



Started GET "/" for ::1 at 2016-01-15 14:50:26 -0800
  [1m[36mActiveRecord::SchemaMigration Load (0.1ms)[0m  [1mSELECT "schema_migrations".* FROM "schema_migrations"[0m
Processing by HomebaseController#index as HTML
Completed 401 Unauthorized in 14ms (ActiveRecord: 0.0ms)


Started GET "/users/sign_in" for ::1 at 2016-01-15 14:50:26 -0800
Processing by Devise::SessionsController#new as HTML
  Rendered devise/shared/_links.html.erb (7.1ms)
  Rendered devise/sessions/new.html.erb within layouts/application (33.8ms)
Completed 200 OK in 1431ms (Views: 1419.7ms | ActiveRecord: 0.6ms)


Started GET "/" for ::1 at 2016-01-15 14:50:28 -0800
Processing by HomebaseController#index as HTML
Completed 401 Unauthorized in 1ms (ActiveRecord: 0.0ms)


Started GET "/users/sign_in" for ::1 at 2016-01-15 14:50:28 -0800
Processing by Devise::SessionsController#new as HTML
  Rendered devise/shared/_links.html.erb (5.0ms)
  Rendered devise/sessions/new.html.erb within layouts/application (9.4ms)
Completed 200 OK in 23ms (Views: 22.1ms | ActiveRecord: 0.0ms)


Started GET "/assets/homebase.self-e3b0c44298fc1c149afbf4c8996fb92427ae41e4649b934ca495991b7852b855.css?body=1" for ::1 at 2016-01-15 14:50:28 -0800


Started GET "/assets/application.self-e80e8f2318043e8af94dddc2adad5a4f09739a8ebb323b3ab31cd71d45fd9113.css?body=1" for ::1 at 2016-01-15 14:50:28 -0800


Started GET "/assets/scaffolds.self-50f74b72eb2144d9b4857cbc0606e854eabb3d10ef720dd44912625bba675ceb.css?body=1" for ::1 at 2016-01-15 14:50:28 -0800


Started GET "/assets/jquery.self-c64a74367bda6ef8b860f19e74df08927ca99d2be2ac934e9e92d5fd361e0da4.js?body=1" for ::1 at 2016-01-15 14:50:28 -0800


Started GET "/assets/jquery_ujs.self-d602bdfe68ffc63b9f9cc512872aa3cfff046228a0a36e90dd476e8ef54c1b09.js?body=1" for ::1 at 2016-01-15 14:50:28 -0800


Started GET "/assets/turbolinks.self-c37727e9bd6b2735da5c311aa83fead54ed0be6cc8bd9a65309e9c5abe2cbfff.js?body=1" for ::1 at 2016-01-15 14:50:28 -0800


Started GET "/assets/homebase.self-877aef30ae1b040ab8a3aba4e3e309a11d7f2612f44dde450b5c157aa5f95c05.js?body=1" for ::1 at 2016-01-15 14:50:28 -0800


Started GET "/assets/application.self-3b8dabdc891efe46b9a144b400ad69e37d7e5876bdc39dee783419a69d7ca819.js?body=1" for ::1 at 2016-01-15 14:50:28 -0800


Started GET "/users/sign_up" for ::1 at 2016-01-15 14:51:31 -0800
Processing by Devise::RegistrationsController#new as HTML
  Rendered devise/shared/_links.html.erb (2.4ms)
  Rendered devise/registrations/new.html.erb within layouts/application (6.5ms)
Completed 200 OK in 21ms (Views: 19.6ms | ActiveRecord: 0.0ms)


Started POST "/users" for ::1 at 2016-01-15 14:52:08 -0800
Processing by Devise::RegistrationsController#create as HTML
  Parameters: {"utf8"=>"✓", "authenticity_token"=>"Ps+1S4t0ClDZ8DYGJfkaMvJ0bogLJYgFt/8bt3Wyg/Iwzp4bQs5EZzPGSm4mU9B7oHfQ+xjYdKYYu+jx3U3CDA==", "user"=>{"email"=>"kskwon90@yahoo.com", "password"=>"[FILTERED]", "password_confirmation"=>"[FILTERED]"}, "commit"=>"Sign up"}
  [1m[35m (0.1ms)[0m  begin transaction
  [1m[36mUser Exists (0.2ms)[0m  [1mSELECT  1 AS one FROM "users" WHERE "users"."email" = 'kskwon90@yahoo.com' LIMIT 1[0m
  [1m[35m (0.0ms)[0m  rollback transaction
Completed 500 Internal Server Error in 90ms (ActiveRecord: 0.3ms)

NameError (undefined local variable or method `confirmed_at' for #<User:0x007faf06f149a8>):
  activemodel (4.2.5) lib/active_model/attribute_methods.rb:433:in `method_missing'
  devise (3.5.2) lib/devise/models/confirmable.rb:102:in `confirmed?'
  devise (3.5.2) lib/devise/models/confirmable.rb:177:in `confirmation_required?'
  activesupport (4.2.5) lib/active_support/callbacks.rb:432:in `block in make_lambda'
  activesupport (4.2.5) lib/active_support/callbacks.rb:144:in `call'
  activesupport (4.2.5) lib/active_support/callbacks.rb:144:in `block (2 levels) in halting_and_conditional'
  activesupport (4.2.5) lib/active_support/callbacks.rb:144:in `each'
  activesupport (4.2.5) lib/active_support/callbacks.rb:144:in `all?'
  activesupport (4.2.5) lib/active_support/callbacks.rb:144:in `block in halting_and_conditional'
  activesupport (4.2.5) lib/active_support/callbacks.rb:504:in `call'
  activesupport (4.2.5) lib/active_support/callbacks.rb:504:in `block in call'
  activesupport (4.2.5) lib/active_support/callbacks.rb:504:in `each'
  activesupport (4.2.5) lib/active_support/callbacks.rb:504:in `call'
  activesupport (4.2.5) lib/active_support/callbacks.rb:92:in `__run_callbacks__'
  activesupport (4.2.5) lib/active_support/callbacks.rb:778:in `_run_create_callbacks'
  activerecord (4.2.5) lib/active_record/callbacks.rb:306:in `_create_record'
  activerecord (4.2.5) lib/active_record/timestamp.rb:57:in `_create_record'
  activerecord (4.2.5) lib/active_record/persistence.rb:504:in `create_or_update'
  activerecord (4.2.5) lib/active_record/callbacks.rb:302:in `block in create_or_update'
  activesupport (4.2.5) lib/active_support/callbacks.rb:117:in `call'
  activesupport (4.2.5) lib/active_support/callbacks.rb:117:in `call'
  activesupport (4.2.5) lib/active_support/callbacks.rb:555:in `block (2 levels) in compile'
  activesupport (4.2.5) lib/active_support/callbacks.rb:505:in `call'
  activesupport (4.2.5) lib/active_support/callbacks.rb:505:in `call'
  activesupport (4.2.5) lib/active_support/callbacks.rb:92:in `__run_callbacks__'
  activesupport (4.2.5) lib/active_support/callbacks.rb:778:in `_run_save_callbacks'
  activerecord (4.2.5) lib/active_record/callbacks.rb:302:in `create_or_update'
  activerecord (4.2.5) lib/active_record/persistence.rb:120:in `save'
  activerecord (4.2.5) lib/active_record/validations.rb:37:in `save'
  activerecord (4.2.5) lib/active_record/attribute_methods/dirty.rb:21:in `save'
  activerecord (4.2.5) lib/active_record/transactions.rb:286:in `block (2 levels) in save'
  activerecord (4.2.5) lib/active_record/transactions.rb:351:in `block in with_transaction_returning_status'
  activerecord (4.2.5) lib/active_record/connection_adapters/abstract/database_statements.rb:213:in `block in transaction'
  activerecord (4.2.5) lib/active_record/connection_adapters/abstract/transaction.rb:184:in `within_new_transaction'
  activerecord (4.2.5) lib/active_record/connection_adapters/abstract/database_statements.rb:213:in `transaction'
  activerecord (4.2.5) lib/active_record/transactions.rb:220:in `transaction'
  activerecord (4.2.5) lib/active_record/transactions.rb:348:in `with_transaction_returning_status'
  activerecord (4.2.5) lib/active_record/transactions.rb:286:in `block in save'
  activerecord (4.2.5) lib/active_record/transactions.rb:301:in `rollback_active_record_state!'
  activerecord (4.2.5) lib/active_record/transactions.rb:285:in `save'
  devise (3.5.2) app/controllers/devise/registrations_controller.rb:17:in `create'
  actionpack (4.2.5) lib/action_controller/metal/implicit_render.rb:4:in `send_action'
  actionpack (4.2.5) lib/abstract_controller/base.rb:198:in `process_action'
  actionpack (4.2.5) lib/action_controller/metal/rendering.rb:10:in `process_action'
  actionpack (4.2.5) lib/abstract_controller/callbacks.rb:20:in `block in process_action'
  activesupport (4.2.5) lib/active_support/callbacks.rb:117:in `call'
  activesupport (4.2.5) lib/active_support/callbacks.rb:117:in `call'
  activesupport (4.2.5) lib/active_support/callbacks.rb:555:in `block (2 levels) in compile'
  activesupport (4.2.5) lib/active_support/callbacks.rb:505:in `call'
  activesupport (4.2.5) lib/active_support/callbacks.rb:505:in `call'
  activesupport (4.2.5) lib/active_support/callbacks.rb:92:in `__run_callbacks__'
  activesupport (4.2.5) lib/active_support/callbacks.rb:778:in `_run_process_action_callbacks'
  activesupport (4.2.5) lib/active_support/callbacks.rb:81:in `run_callbacks'
  actionpack (4.2.5) lib/abstract_controller/callbacks.rb:19:in `process_action'
  actionpack (4.2.5) lib/action_controller/metal/rescue.rb:29:in `process_action'
  actionpack (4.2.5) lib/action_controller/metal/instrumentation.rb:32:in `block in process_action'
  activesupport (4.2.5) lib/active_support/notifications.rb:164:in `block in instrument'
  activesupport (4.2.5) lib/active_support/notifications/instrumenter.rb:20:in `instrument'
  activesupport (4.2.5) lib/active_support/notifications.rb:164:in `instrument'
  actionpack (4.2.5) lib/action_controller/metal/instrumentation.rb:30:in `process_action'
  actionpack (4.2.5) lib/action_controller/metal/params_wrapper.rb:250:in `process_action'
  activerecord (4.2.5) lib/active_record/railties/controller_runtime.rb:18:in `process_action'
  actionpack (4.2.5) lib/abstract_controller/base.rb:137:in `process'
  actionview (4.2.5) lib/action_view/rendering.rb:30:in `process'
  actionpack (4.2.5) lib/action_controller/metal.rb:196:in `dispatch'
  actionpack (4.2.5) lib/action_controller/metal/rack_delegation.rb:13:in `dispatch'
  actionpack (4.2.5) lib/action_controller/metal.rb:237:in `block in action'
  actionpack (4.2.5) lib/action_dispatch/routing/route_set.rb:76:in `call'
  actionpack (4.2.5) lib/action_dispatch/routing/route_set.rb:76:in `dispatch'
  actionpack (4.2.5) lib/action_dispatch/routing/route_set.rb:45:in `serve'
  actionpack (4.2.5) lib/action_dispatch/routing/mapper.rb:49:in `serve'
  actionpack (4.2.5) lib/action_dispatch/journey/router.rb:43:in `block in serve'
  actionpack (4.2.5) lib/action_dispatch/journey/router.rb:30:in `each'
  actionpack (4.2.5) lib/action_dispatch/journey/router.rb:30:in `serve'
  actionpack (4.2.5) lib/action_dispatch/routing/route_set.rb:817:in `call'
  warden (1.2.3) lib/warden/manager.rb:35:in `block in call'
  warden (1.2.3) lib/warden/manager.rb:34:in `catch'
  warden (1.2.3) lib/warden/manager.rb:34:in `call'
  rack (1.6.4) lib/rack/etag.rb:24:in `call'
  rack (1.6.4) lib/rack/conditionalget.rb:38:in `call'
  rack (1.6.4) lib/rack/head.rb:13:in `call'
  actionpack (4.2.5) lib/action_dispatch/middleware/params_parser.rb:27:in `call'
  actionpack (4.2.5) lib/action_dispatch/middleware/flash.rb:260:in `call'
  rack (1.6.4) lib/rack/session/abstract/id.rb:225:in `context'
  rack (1.6.4) lib/rack/session/abstract/id.rb:220:in `call'
  actionpack (4.2.5) lib/action_dispatch/middleware/cookies.rb:560:in `call'
  activerecord (4.2.5) lib/active_record/query_cache.rb:36:in `call'
  activerecord (4.2.5) lib/active_record/connection_adapters/abstract/connection_pool.rb:653:in `call'
  activerecord (4.2.5) lib/active_record/migration.rb:377:in `call'
  actionpack (4.2.5) lib/action_dispatch/middleware/callbacks.rb:29:in `block in call'
  activesupport (4.2.5) lib/active_support/callbacks.rb:88:in `__run_callbacks__'
  activesupport (4.2.5) lib/active_support/callbacks.rb:778:in `_run_call_callbacks'
  activesupport (4.2.5) lib/active_support/callbacks.rb:81:in `run_callbacks'
  actionpack (4.2.5) lib/action_dispatch/middleware/callbacks.rb:27:in `call'
  actionpack (4.2.5) lib/action_dispatch/middleware/reloader.rb:73:in `call'
  actionpack (4.2.5) lib/action_dispatch/middleware/remote_ip.rb:78:in `call'
  actionpack (4.2.5) lib/action_dispatch/middleware/debug_exceptions.rb:17:in `call'
  actionpack (4.2.5) lib/action_dispatch/middleware/show_exceptions.rb:30:in `call'
  railties (4.2.5) lib/rails/rack/logger.rb:38:in `call_app'
  railties (4.2.5) lib/rails/rack/logger.rb:20:in `block in call'
  activesupport (4.2.5) lib/active_support/tagged_logging.rb:68:in `block in tagged'
  activesupport (4.2.5) lib/active_support/tagged_logging.rb:26:in `tagged'
  activesupport (4.2.5) lib/active_support/tagged_logging.rb:68:in `tagged'
  railties (4.2.5) lib/rails/rack/logger.rb:20:in `call'
  actionpack (4.2.5) lib/action_dispatch/middleware/request_id.rb:21:in `call'
  rack (1.6.4) lib/rack/methodoverride.rb:22:in `call'
  rack (1.6.4) lib/rack/runtime.rb:18:in `call'
  activesupport (4.2.5) lib/active_support/cache/strategy/local_cache_middleware.rb:28:in `call'
  rack (1.6.4) lib/rack/lock.rb:17:in `call'
  actionpack (4.2.5) lib/action_dispatch/middleware/static.rb:116:in `call'
  rack (1.6.4) lib/rack/sendfile.rb:113:in `call'
  railties (4.2.5) lib/rails/engine.rb:518:in `call'
  railties (4.2.5) lib/rails/application.rb:165:in `call'
  rack (1.6.4) lib/rack/lock.rb:17:in `call'
  rack (1.6.4) lib/rack/content_length.rb:15:in `call'
  rack (1.6.4) lib/rack/handler/webrick.rb:88:in `service'
  /Users/kylekwon/.rvm/rubies/ruby-2.2.1/lib/ruby/2.2.0/webrick/httpserver.rb:138:in `service'
  /Users/kylekwon/.rvm/rubies/ruby-2.2.1/lib/ruby/2.2.0/webrick/httpserver.rb:94:in `run'
  /Users/kylekwon/.rvm/rubies/ruby-2.2.1/lib/ruby/2.2.0/webrick/server.rb:294:in `block in start_thread'


  Rendered /Users/kylekwon/.rvm/gems/ruby-2.2.1/gems/actionpack-4.2.5/lib/action_dispatch/middleware/templates/rescues/_source.erb (4.8ms)
  Rendered /Users/kylekwon/.rvm/gems/ruby-2.2.1/gems/actionpack-4.2.5/lib/action_dispatch/middleware/templates/rescues/_trace.html.erb (3.1ms)
  Rendered /Users/kylekwon/.rvm/gems/ruby-2.2.1/gems/actionpack-4.2.5/lib/action_dispatch/middleware/templates/rescues/_request_and_response.html.erb (0.9ms)
  Rendered /Users/kylekwon/.rvm/gems/ruby-2.2.1/gems/actionpack-4.2.5/lib/action_dispatch/middleware/templates/rescues/diagnostics.html.erb within rescues/layout (44.2ms)
  [1m[36mActiveRecord::SchemaMigration Load (0.1ms)[0m  [1mSELECT "schema_migrations".* FROM "schema_migrations"[0m
  [1m[35mActiveRecord::SchemaMigration Load (0.1ms)[0m  SELECT "schema_migrations".* FROM "schema_migrations"
  [1m[36m (0.1ms)[0m  [1m            SELECT sql
            FROM sqlite_master
            WHERE name='index_users_on_reset_password_token' AND type='index'
            UNION ALL
            SELECT sql
            FROM sqlite_temp_master
            WHERE name='index_users_on_reset_password_token' AND type='index'
[0m
  [1m[35m (0.1ms)[0m              SELECT sql
            FROM sqlite_master
            WHERE name='index_users_on_email' AND type='index'
            UNION ALL
            SELECT sql
            FROM sqlite_temp_master
            WHERE name='index_users_on_email' AND type='index'



Started GET "/" for ::1 at 2016-01-15 14:54:34 -0800
  [1m[36mActiveRecord::SchemaMigration Load (0.2ms)[0m  [1mSELECT "schema_migrations".* FROM "schema_migrations"[0m
Processing by HomebaseController#index as HTML
Completed 401 Unauthorized in 14ms (ActiveRecord: 0.0ms)


Started GET "/users/sign_in" for ::1 at 2016-01-15 14:54:34 -0800
Processing by Devise::SessionsController#new as HTML
  Rendered devise/shared/_links.html.erb (7.1ms)
  Rendered devise/sessions/new.html.erb within layouts/application (23.4ms)
Completed 200 OK in 260ms (Views: 251.1ms | ActiveRecord: 0.3ms)


Started GET "/users/sign_in" for ::1 at 2016-01-15 14:55:16 -0800
Processing by Devise::SessionsController#new as HTML
  Rendered devise/shared/_links.html.erb (2.4ms)
  Rendered devise/sessions/new.html.erb within layouts/application (5.8ms)
Completed 200 OK in 142ms (Views: 140.9ms | ActiveRecord: 0.0ms)


Started GET "/assets/homebase.self-e3b0c44298fc1c149afbf4c8996fb92427ae41e4649b934ca495991b7852b855.css?body=1" for ::1 at 2016-01-15 14:55:16 -0800


Started GET "/assets/application.self-e80e8f2318043e8af94dddc2adad5a4f09739a8ebb323b3ab31cd71d45fd9113.css?body=1" for ::1 at 2016-01-15 14:55:17 -0800


Started GET "/assets/jquery_ujs.self-d602bdfe68ffc63b9f9cc512872aa3cfff046228a0a36e90dd476e8ef54c1b09.js?body=1" for ::1 at 2016-01-15 14:55:17 -0800


Started GET "/assets/scaffolds.self-50f74b72eb2144d9b4857cbc0606e854eabb3d10ef720dd44912625bba675ceb.css?body=1" for ::1 at 2016-01-15 14:55:17 -0800


Started GET "/assets/jquery.self-c64a74367bda6ef8b860f19e74df08927ca99d2be2ac934e9e92d5fd361e0da4.js?body=1" for ::1 at 2016-01-15 14:55:17 -0800


Started GET "/assets/bootstrap.self-6c92f650931beefe48977f272b7015d6b9b45da8b09831ebf88e05193c12d355.js?body=1" for ::1 at 2016-01-15 14:55:17 -0800


Started GET "/assets/turbolinks.self-c37727e9bd6b2735da5c311aa83fead54ed0be6cc8bd9a65309e9c5abe2cbfff.js?body=1" for ::1 at 2016-01-15 14:55:17 -0800


Started GET "/assets/application.self-f8806224e027f3e3f0138ea9ce99319e298dfdb323304d1f1be6eae8e8c74724.js?body=1" for ::1 at 2016-01-15 14:55:17 -0800


Started GET "/assets/homebase.self-877aef30ae1b040ab8a3aba4e3e309a11d7f2612f44dde450b5c157aa5f95c05.js?body=1" for ::1 at 2016-01-15 14:55:17 -0800


Started GET "/users/sign_in" for ::1 at 2016-01-15 14:55:22 -0800
Processing by Devise::SessionsController#new as HTML
  Rendered devise/shared/_links.html.erb (2.7ms)
  Rendered devise/sessions/new.html.erb within layouts/application (6.4ms)
Completed 200 OK in 22ms (Views: 21.5ms | ActiveRecord: 0.0ms)


Started GET "/assets/homebase.self-e3b0c44298fc1c149afbf4c8996fb92427ae41e4649b934ca495991b7852b855.css?body=1" for ::1 at 2016-01-15 14:55:22 -0800


Started GET "/assets/scaffolds.self-50f74b72eb2144d9b4857cbc0606e854eabb3d10ef720dd44912625bba675ceb.css?body=1" for ::1 at 2016-01-15 14:55:22 -0800


Started GET "/assets/jquery_ujs.self-d602bdfe68ffc63b9f9cc512872aa3cfff046228a0a36e90dd476e8ef54c1b09.js?body=1" for ::1 at 2016-01-15 14:55:22 -0800


Started GET "/assets/jquery.self-c64a74367bda6ef8b860f19e74df08927ca99d2be2ac934e9e92d5fd361e0da4.js?body=1" for ::1 at 2016-01-15 14:55:22 -0800


Started GET "/assets/application.self-e80e8f2318043e8af94dddc2adad5a4f09739a8ebb323b3ab31cd71d45fd9113.css?body=1" for ::1 at 2016-01-15 14:55:22 -0800


Started GET "/assets/turbolinks.self-c37727e9bd6b2735da5c311aa83fead54ed0be6cc8bd9a65309e9c5abe2cbfff.js?body=1" for ::1 at 2016-01-15 14:55:22 -0800


Started GET "/assets/bootstrap.self-6c92f650931beefe48977f272b7015d6b9b45da8b09831ebf88e05193c12d355.js?body=1" for ::1 at 2016-01-15 14:55:22 -0800


Started GET "/assets/homebase.self-877aef30ae1b040ab8a3aba4e3e309a11d7f2612f44dde450b5c157aa5f95c05.js?body=1" for ::1 at 2016-01-15 14:55:22 -0800


Started GET "/assets/application.self-f8806224e027f3e3f0138ea9ce99319e298dfdb323304d1f1be6eae8e8c74724.js?body=1" for ::1 at 2016-01-15 14:55:22 -0800


Started GET "/users/sign_in" for ::1 at 2016-01-15 14:55:34 -0800
  [1m[36mActiveRecord::SchemaMigration Load (0.1ms)[0m  [1mSELECT "schema_migrations".* FROM "schema_migrations"[0m
Processing by Devise::SessionsController#new as HTML
  Rendered devise/shared/_links.html.erb (5.8ms)
  Rendered devise/sessions/new.html.erb within layouts/application (26.1ms)
Completed 200 OK in 336ms (Views: 317.9ms | ActiveRecord: 0.3ms)


Started GET "/assets/scaffolds.self-50f74b72eb2144d9b4857cbc0606e854eabb3d10ef720dd44912625bba675ceb.css?body=1" for ::1 at 2016-01-15 14:55:34 -0800


Started GET "/assets/jquery_ujs.self-d602bdfe68ffc63b9f9cc512872aa3cfff046228a0a36e90dd476e8ef54c1b09.js?body=1" for ::1 at 2016-01-15 14:55:34 -0800


Started GET "/assets/application.self-e80e8f2318043e8af94dddc2adad5a4f09739a8ebb323b3ab31cd71d45fd9113.css?body=1" for ::1 at 2016-01-15 14:55:34 -0800


Started GET "/assets/jquery.self-c64a74367bda6ef8b860f19e74df08927ca99d2be2ac934e9e92d5fd361e0da4.js?body=1" for ::1 at 2016-01-15 14:55:34 -0800


Started GET "/assets/homebase.self-e3b0c44298fc1c149afbf4c8996fb92427ae41e4649b934ca495991b7852b855.css?body=1" for ::1 at 2016-01-15 14:55:34 -0800


Started GET "/assets/turbolinks.self-c37727e9bd6b2735da5c311aa83fead54ed0be6cc8bd9a65309e9c5abe2cbfff.js?body=1" for ::1 at 2016-01-15 14:55:34 -0800


Started GET "/assets/bootstrap.self-6c92f650931beefe48977f272b7015d6b9b45da8b09831ebf88e05193c12d355.js?body=1" for ::1 at 2016-01-15 14:55:34 -0800


Started GET "/assets/homebase.self-877aef30ae1b040ab8a3aba4e3e309a11d7f2612f44dde450b5c157aa5f95c05.js?body=1" for ::1 at 2016-01-15 14:55:34 -0800


Started GET "/assets/application.self-f8806224e027f3e3f0138ea9ce99319e298dfdb323304d1f1be6eae8e8c74724.js?body=1" for ::1 at 2016-01-15 14:55:34 -0800


Started GET "/users/sign_in" for ::1 at 2016-01-15 14:55:36 -0800
Processing by Devise::SessionsController#new as HTML
  Rendered devise/shared/_links.html.erb (2.5ms)
  Rendered devise/sessions/new.html.erb within layouts/application (6.0ms)
Completed 200 OK in 35ms (Views: 33.9ms | ActiveRecord: 0.0ms)


Started GET "/users/sign_up" for ::1 at 2016-01-15 14:55:37 -0800
Processing by Devise::RegistrationsController#new as HTML
  Rendered devise/shared/_links.html.erb (2.4ms)
  Rendered devise/registrations/new.html.erb within layouts/application (6.4ms)
Completed 200 OK in 22ms (Views: 21.3ms | ActiveRecord: 0.0ms)


Started POST "/users" for ::1 at 2016-01-15 14:55:45 -0800
Processing by Devise::RegistrationsController#create as HTML
  Parameters: {"utf8"=>"✓", "authenticity_token"=>"Zh8Ux1kYfos//aCqhoj2P8eU4rgqflErq20o3e/qlA5oHj+XkKIwvNXL3MKFIjx2lZdcyzmDrYgEKdubRxXV8A==", "user"=>{"email"=>"kskwon90@yahoo.com", "password"=>"[FILTERED]", "password_confirmation"=>"[FILTERED]"}, "commit"=>"Sign up"}
  [1m[35m (0.1ms)[0m  begin transaction
  [1m[36mUser Exists (0.1ms)[0m  [1mSELECT  1 AS one FROM "users" WHERE "users"."email" = 'kskwon90@yahoo.com' LIMIT 1[0m
  [1m[35m (0.0ms)[0m  rollback transaction
Completed 500 Internal Server Error in 79ms (ActiveRecord: 0.2ms)

NameError (undefined local variable or method `confirmed_at' for #<User:0x007f9a93915430>):
  activemodel (4.2.5) lib/active_model/attribute_methods.rb:433:in `method_missing'
  devise (3.5.2) lib/devise/models/confirmable.rb:102:in `confirmed?'
  devise (3.5.2) lib/devise/models/confirmable.rb:177:in `confirmation_required?'
  activesupport (4.2.5) lib/active_support/callbacks.rb:432:in `block in make_lambda'
  activesupport (4.2.5) lib/active_support/callbacks.rb:144:in `call'
  activesupport (4.2.5) lib/active_support/callbacks.rb:144:in `block (2 levels) in halting_and_conditional'
  activesupport (4.2.5) lib/active_support/callbacks.rb:144:in `each'
  activesupport (4.2.5) lib/active_support/callbacks.rb:144:in `all?'
  activesupport (4.2.5) lib/active_support/callbacks.rb:144:in `block in halting_and_conditional'
  activesupport (4.2.5) lib/active_support/callbacks.rb:504:in `call'
  activesupport (4.2.5) lib/active_support/callbacks.rb:504:in `block in call'
  activesupport (4.2.5) lib/active_support/callbacks.rb:504:in `each'
  activesupport (4.2.5) lib/active_support/callbacks.rb:504:in `call'
  activesupport (4.2.5) lib/active_support/callbacks.rb:92:in `__run_callbacks__'
  activesupport (4.2.5) lib/active_support/callbacks.rb:778:in `_run_create_callbacks'
  activerecord (4.2.5) lib/active_record/callbacks.rb:306:in `_create_record'
  activerecord (4.2.5) lib/active_record/timestamp.rb:57:in `_create_record'
  activerecord (4.2.5) lib/active_record/persistence.rb:504:in `create_or_update'
  activerecord (4.2.5) lib/active_record/callbacks.rb:302:in `block in create_or_update'
  activesupport (4.2.5) lib/active_support/callbacks.rb:117:in `call'
  activesupport (4.2.5) lib/active_support/callbacks.rb:117:in `call'
  activesupport (4.2.5) lib/active_support/callbacks.rb:555:in `block (2 levels) in compile'
  activesupport (4.2.5) lib/active_support/callbacks.rb:505:in `call'
  activesupport (4.2.5) lib/active_support/callbacks.rb:505:in `call'
  activesupport (4.2.5) lib/active_support/callbacks.rb:92:in `__run_callbacks__'
  activesupport (4.2.5) lib/active_support/callbacks.rb:778:in `_run_save_callbacks'
  activerecord (4.2.5) lib/active_record/callbacks.rb:302:in `create_or_update'
  activerecord (4.2.5) lib/active_record/persistence.rb:120:in `save'
  activerecord (4.2.5) lib/active_record/validations.rb:37:in `save'
  activerecord (4.2.5) lib/active_record/attribute_methods/dirty.rb:21:in `save'
  activerecord (4.2.5) lib/active_record/transactions.rb:286:in `block (2 levels) in save'
  activerecord (4.2.5) lib/active_record/transactions.rb:351:in `block in with_transaction_returning_status'
  activerecord (4.2.5) lib/active_record/connection_adapters/abstract/database_statements.rb:213:in `block in transaction'
  activerecord (4.2.5) lib/active_record/connection_adapters/abstract/transaction.rb:184:in `within_new_transaction'
  activerecord (4.2.5) lib/active_record/connection_adapters/abstract/database_statements.rb:213:in `transaction'
  activerecord (4.2.5) lib/active_record/transactions.rb:220:in `transaction'
  activerecord (4.2.5) lib/active_record/transactions.rb:348:in `with_transaction_returning_status'
  activerecord (4.2.5) lib/active_record/transactions.rb:286:in `block in save'
  activerecord (4.2.5) lib/active_record/transactions.rb:301:in `rollback_active_record_state!'
  activerecord (4.2.5) lib/active_record/transactions.rb:285:in `save'
  devise (3.5.2) app/controllers/devise/registrations_controller.rb:17:in `create'
  actionpack (4.2.5) lib/action_controller/metal/implicit_render.rb:4:in `send_action'
  actionpack (4.2.5) lib/abstract_controller/base.rb:198:in `process_action'
  actionpack (4.2.5) lib/action_controller/metal/rendering.rb:10:in `process_action'
  actionpack (4.2.5) lib/abstract_controller/callbacks.rb:20:in `block in process_action'
  activesupport (4.2.5) lib/active_support/callbacks.rb:117:in `call'
  activesupport (4.2.5) lib/active_support/callbacks.rb:117:in `call'
  activesupport (4.2.5) lib/active_support/callbacks.rb:555:in `block (2 levels) in compile'
  activesupport (4.2.5) lib/active_support/callbacks.rb:505:in `call'
  activesupport (4.2.5) lib/active_support/callbacks.rb:505:in `call'
  activesupport (4.2.5) lib/active_support/callbacks.rb:92:in `__run_callbacks__'
  activesupport (4.2.5) lib/active_support/callbacks.rb:778:in `_run_process_action_callbacks'
  activesupport (4.2.5) lib/active_support/callbacks.rb:81:in `run_callbacks'
  actionpack (4.2.5) lib/abstract_controller/callbacks.rb:19:in `process_action'
  actionpack (4.2.5) lib/action_controller/metal/rescue.rb:29:in `process_action'
  actionpack (4.2.5) lib/action_controller/metal/instrumentation.rb:32:in `block in process_action'
  activesupport (4.2.5) lib/active_support/notifications.rb:164:in `block in instrument'
  activesupport (4.2.5) lib/active_support/notifications/instrumenter.rb:20:in `instrument'
  activesupport (4.2.5) lib/active_support/notifications.rb:164:in `instrument'
  actionpack (4.2.5) lib/action_controller/metal/instrumentation.rb:30:in `process_action'
  actionpack (4.2.5) lib/action_controller/metal/params_wrapper.rb:250:in `process_action'
  activerecord (4.2.5) lib/active_record/railties/controller_runtime.rb:18:in `process_action'
  actionpack (4.2.5) lib/abstract_controller/base.rb:137:in `process'
  actionview (4.2.5) lib/action_view/rendering.rb:30:in `process'
  actionpack (4.2.5) lib/action_controller/metal.rb:196:in `dispatch'
  actionpack (4.2.5) lib/action_controller/metal/rack_delegation.rb:13:in `dispatch'
  actionpack (4.2.5) lib/action_controller/metal.rb:237:in `block in action'
  actionpack (4.2.5) lib/action_dispatch/routing/route_set.rb:76:in `call'
  actionpack (4.2.5) lib/action_dispatch/routing/route_set.rb:76:in `dispatch'
  actionpack (4.2.5) lib/action_dispatch/routing/route_set.rb:45:in `serve'
  actionpack (4.2.5) lib/action_dispatch/routing/mapper.rb:49:in `serve'
  actionpack (4.2.5) lib/action_dispatch/journey/router.rb:43:in `block in serve'
  actionpack (4.2.5) lib/action_dispatch/journey/router.rb:30:in `each'
  actionpack (4.2.5) lib/action_dispatch/journey/router.rb:30:in `serve'
  actionpack (4.2.5) lib/action_dispatch/routing/route_set.rb:817:in `call'
  warden (1.2.3) lib/warden/manager.rb:35:in `block in call'
  warden (1.2.3) lib/warden/manager.rb:34:in `catch'
  warden (1.2.3) lib/warden/manager.rb:34:in `call'
  rack (1.6.4) lib/rack/etag.rb:24:in `call'
  rack (1.6.4) lib/rack/conditionalget.rb:38:in `call'
  rack (1.6.4) lib/rack/head.rb:13:in `call'
  actionpack (4.2.5) lib/action_dispatch/middleware/params_parser.rb:27:in `call'
  actionpack (4.2.5) lib/action_dispatch/middleware/flash.rb:260:in `call'
  rack (1.6.4) lib/rack/session/abstract/id.rb:225:in `context'
  rack (1.6.4) lib/rack/session/abstract/id.rb:220:in `call'
  actionpack (4.2.5) lib/action_dispatch/middleware/cookies.rb:560:in `call'
  activerecord (4.2.5) lib/active_record/query_cache.rb:36:in `call'
  activerecord (4.2.5) lib/active_record/connection_adapters/abstract/connection_pool.rb:653:in `call'
  activerecord (4.2.5) lib/active_record/migration.rb:377:in `call'
  actionpack (4.2.5) lib/action_dispatch/middleware/callbacks.rb:29:in `block in call'
  activesupport (4.2.5) lib/active_support/callbacks.rb:88:in `__run_callbacks__'
  activesupport (4.2.5) lib/active_support/callbacks.rb:778:in `_run_call_callbacks'
  activesupport (4.2.5) lib/active_support/callbacks.rb:81:in `run_callbacks'
  actionpack (4.2.5) lib/action_dispatch/middleware/callbacks.rb:27:in `call'
  actionpack (4.2.5) lib/action_dispatch/middleware/reloader.rb:73:in `call'
  actionpack (4.2.5) lib/action_dispatch/middleware/remote_ip.rb:78:in `call'
  actionpack (4.2.5) lib/action_dispatch/middleware/debug_exceptions.rb:17:in `call'
  actionpack (4.2.5) lib/action_dispatch/middleware/show_exceptions.rb:30:in `call'
  railties (4.2.5) lib/rails/rack/logger.rb:38:in `call_app'
  railties (4.2.5) lib/rails/rack/logger.rb:20:in `block in call'
  activesupport (4.2.5) lib/active_support/tagged_logging.rb:68:in `block in tagged'
  activesupport (4.2.5) lib/active_support/tagged_logging.rb:26:in `tagged'
  activesupport (4.2.5) lib/active_support/tagged_logging.rb:68:in `tagged'
  railties (4.2.5) lib/rails/rack/logger.rb:20:in `call'
  actionpack (4.2.5) lib/action_dispatch/middleware/request_id.rb:21:in `call'
  rack (1.6.4) lib/rack/methodoverride.rb:22:in `call'
  rack (1.6.4) lib/rack/runtime.rb:18:in `call'
  activesupport (4.2.5) lib/active_support/cache/strategy/local_cache_middleware.rb:28:in `call'
  rack (1.6.4) lib/rack/lock.rb:17:in `call'
  actionpack (4.2.5) lib/action_dispatch/middleware/static.rb:116:in `call'
  rack (1.6.4) lib/rack/sendfile.rb:113:in `call'
  railties (4.2.5) lib/rails/engine.rb:518:in `call'
  railties (4.2.5) lib/rails/application.rb:165:in `call'
  rack (1.6.4) lib/rack/lock.rb:17:in `call'
  rack (1.6.4) lib/rack/content_length.rb:15:in `call'
  rack (1.6.4) lib/rack/handler/webrick.rb:88:in `service'
  /Users/kylekwon/.rvm/rubies/ruby-2.2.1/lib/ruby/2.2.0/webrick/httpserver.rb:138:in `service'
  /Users/kylekwon/.rvm/rubies/ruby-2.2.1/lib/ruby/2.2.0/webrick/httpserver.rb:94:in `run'
  /Users/kylekwon/.rvm/rubies/ruby-2.2.1/lib/ruby/2.2.0/webrick/server.rb:294:in `block in start_thread'


  Rendered /Users/kylekwon/.rvm/gems/ruby-2.2.1/gems/actionpack-4.2.5/lib/action_dispatch/middleware/templates/rescues/_source.erb (5.5ms)
  Rendered /Users/kylekwon/.rvm/gems/ruby-2.2.1/gems/actionpack-4.2.5/lib/action_dispatch/middleware/templates/rescues/_trace.html.erb (2.6ms)
  Rendered /Users/kylekwon/.rvm/gems/ruby-2.2.1/gems/actionpack-4.2.5/lib/action_dispatch/middleware/templates/rescues/_request_and_response.html.erb (0.9ms)
  Rendered /Users/kylekwon/.rvm/gems/ruby-2.2.1/gems/actionpack-4.2.5/lib/action_dispatch/middleware/templates/rescues/diagnostics.html.erb within rescues/layout (38.1ms)
  [1m[36mActiveRecord::SchemaMigration Load (0.1ms)[0m  [1mSELECT "schema_migrations".* FROM "schema_migrations"[0m
Migrating to AddUnconfirmedToDevise (20160115230932)
  [1m[35m (0.0ms)[0m  begin transaction
  [1m[36m (0.4ms)[0m  [1mALTER TABLE "users" ADD "confirmation_token" varchar[0m
  [1m[35m (0.1ms)[0m  ALTER TABLE "users" ADD "confirmed_at" datetime
  [1m[36m (0.1ms)[0m  [1mALTER TABLE "users" ADD "confirmation_sent_at" datetime[0m
  [1m[35m (0.1ms)[0m  ALTER TABLE "users" ADD "unconfirmed_email" varchar
  [1m[36mSQL (0.1ms)[0m  [1mINSERT INTO "schema_migrations" ("version") VALUES (?)[0m  [["version", "20160115230932"]]
  [1m[35m (2.4ms)[0m  commit transaction
  [1m[36mActiveRecord::SchemaMigration Load (0.1ms)[0m  [1mSELECT "schema_migrations".* FROM "schema_migrations"[0m
  [1m[35m (0.1ms)[0m              SELECT sql
            FROM sqlite_master
            WHERE name='index_users_on_reset_password_token' AND type='index'
            UNION ALL
            SELECT sql
            FROM sqlite_temp_master
            WHERE name='index_users_on_reset_password_token' AND type='index'

  [1m[36m (0.1ms)[0m  [1m            SELECT sql
            FROM sqlite_master
            WHERE name='index_users_on_email' AND type='index'
            UNION ALL
            SELECT sql
            FROM sqlite_temp_master
            WHERE name='index_users_on_email' AND type='index'
[0m


Started GET "/" for ::1 at 2016-01-15 15:10:29 -0800
  [1m[36mActiveRecord::SchemaMigration Load (0.1ms)[0m  [1mSELECT "schema_migrations".* FROM "schema_migrations"[0m
Processing by HomebaseController#index as HTML
Completed 401 Unauthorized in 13ms (ActiveRecord: 0.0ms)


Started GET "/users/sign_in" for ::1 at 2016-01-15 15:10:29 -0800
Processing by Devise::SessionsController#new as HTML
  Rendered devise/shared/_links.html.erb (6.8ms)
  Rendered devise/sessions/new.html.erb within layouts/application (22.6ms)
Completed 200 OK in 266ms (Views: 255.4ms | ActiveRecord: 0.3ms)


Started POST "/users/sign_in" for ::1 at 2016-01-15 15:10:35 -0800
Processing by Devise::SessionsController#create as HTML
  Parameters: {"utf8"=>"✓", "authenticity_token"=>"rCQdhTfSLfvAaGvQOrndew86XIzbV830YD8mq8SJJLCiJTbV/mhjzCpeF7g5ExcyXTni/8iqMVfPe9XtbHZlTg==", "user"=>{"email"=>"kskwon90@yahoo.com", "password"=>"[FILTERED]", "remember_me"=>"0"}, "commit"=>"Log in"}
  [1m[35mUser Load (0.2ms)[0m  SELECT  "users".* FROM "users" WHERE "users"."email" = ?  ORDER BY "users"."id" ASC LIMIT 1  [["email", "kskwon90@yahoo.com"]]
Completed 401 Unauthorized in 8ms (ActiveRecord: 0.2ms)
Processing by Devise::SessionsController#new as HTML
  Parameters: {"utf8"=>"✓", "authenticity_token"=>"rCQdhTfSLfvAaGvQOrndew86XIzbV830YD8mq8SJJLCiJTbV/mhjzCpeF7g5ExcyXTni/8iqMVfPe9XtbHZlTg==", "user"=>{"email"=>"kskwon90@yahoo.com", "password"=>"[FILTERED]", "remember_me"=>"0"}, "commit"=>"Log in"}
  Rendered devise/shared/_links.html.erb (2.8ms)
  Rendered devise/sessions/new.html.erb within layouts/application (6.7ms)
Completed 200 OK in 90ms (Views: 21.0ms | ActiveRecord: 0.0ms)


Started GET "/users/sign_up" for ::1 at 2016-01-15 15:10:38 -0800
Processing by Devise::RegistrationsController#new as HTML
  Rendered devise/shared/_links.html.erb (2.6ms)
  Rendered devise/registrations/new.html.erb within layouts/application (7.4ms)
Completed 200 OK in 23ms (Views: 22.4ms | ActiveRecord: 0.0ms)


Started POST "/users" for ::1 at 2016-01-15 15:10:45 -0800
Processing by Devise::RegistrationsController#create as HTML
  Parameters: {"utf8"=>"✓", "authenticity_token"=>"aCTyVdGFjiry/qIqAgsuOt3ilQhD2MyQGcsWQmxM+tJmJdkFGD/AHRjI3kIBoeRzj+Ere1AlMDO2j+UExLO7LA==", "user"=>{"email"=>"kskwon90@yahoo.com", "password"=>"[FILTERED]", "password_confirmation"=>"[FILTERED]"}, "commit"=>"Sign up"}
  [1m[36m (0.1ms)[0m  [1mbegin transaction[0m
  [1m[35mUser Exists (0.1ms)[0m  SELECT  1 AS one FROM "users" WHERE "users"."email" = 'kskwon90@yahoo.com' LIMIT 1
  [1m[36mUser Load (0.2ms)[0m  [1mSELECT  "users".* FROM "users" WHERE "users"."confirmation_token" = ?  ORDER BY "users"."id" ASC LIMIT 1[0m  [["confirmation_token", "0fdadaf829315193af40ac62c6c44b796d157b4484c1ad8f1e9f72d8092b2311"]]
  [1m[35mSQL (0.3ms)[0m  INSERT INTO "users" ("email", "encrypted_password", "created_at", "updated_at", "confirmation_token", "confirmation_sent_at") VALUES (?, ?, ?, ?, ?, ?)  [["email", "kskwon90@yahoo.com"], ["encrypted_password", "$2a$10$J4ed1P0u.IAIB9p2qu3iqebgLbSqiiuOeqj8MvlgvFTuHxhCfEiYO"], ["created_at", "2016-01-15 23:10:45.872436"], ["updated_at", "2016-01-15 23:10:45.872436"], ["confirmation_token", "KpcmkYFqk-hEki47-yZP"], ["confirmation_sent_at", "2016-01-15 23:10:46.056930"]]
  Rendered devise/mailer/confirmation_instructions.html.erb (2.1ms)

Devise::Mailer#confirmation_instructions: processed outbound mail in 141.8ms

Sent mail to kskwon90@yahoo.com (8.0ms)
Date: Fri, 15 Jan 2016 15:10:46 -0800
From: please-change-me-at-config-initializers-devise@example.com
Reply-To: please-change-me-at-config-initializers-devise@example.com
To: kskwon90@yahoo.com
Message-ID: <56997c76336e1_5783fc03505f0fc40445@Kyles-MBP.home.mail>
Subject: Confirmation instructions
Mime-Version: 1.0
Content-Type: text/html;
 charset=UTF-8
Content-Transfer-Encoding: 7bit

<p>Welcome kskwon90@yahoo.com!</p>

<p>You can confirm your account email through the link below:</p>

<p><a href="http://localhost:3000/users/confirmation?confirmation_token=KpcmkYFqk-hEki47-yZP">Confirm my account</a></p>

  [1m[36m (0.9ms)[0m  [1mcommit transaction[0m
Redirected to http://localhost:3000/
Completed 302 Found in 441ms (ActiveRecord: 1.5ms)


Started GET "/" for ::1 at 2016-01-15 15:10:46 -0800
Processing by HomebaseController#index as HTML
Completed 401 Unauthorized in 1ms (ActiveRecord: 0.0ms)


Started GET "/users/sign_in" for ::1 at 2016-01-15 15:10:46 -0800
Processing by Devise::SessionsController#new as HTML
  Rendered devise/shared/_links.html.erb (3.5ms)
  Rendered devise/sessions/new.html.erb within layouts/application (7.1ms)
Completed 200 OK in 22ms (Views: 21.2ms | ActiveRecord: 0.0ms)


Started GET "/users/confirmation?confirmation_token=KpcmkYFqk-hEki47-yZP" for ::1 at 2016-01-15 15:10:59 -0800
Processing by Devise::ConfirmationsController#show as HTML
  Parameters: {"confirmation_token"=>"KpcmkYFqk-hEki47-yZP"}
  [1m[35mUser Load (0.1ms)[0m  SELECT  "users".* FROM "users" WHERE "users"."confirmation_token" = ?  ORDER BY "users"."id" ASC LIMIT 1  [["confirmation_token", "KpcmkYFqk-hEki47-yZP"]]
  [1m[36m (0.1ms)[0m  [1mbegin transaction[0m
  [1m[35mSQL (0.2ms)[0m  UPDATE "users" SET "confirmed_at" = ?, "updated_at" = ? WHERE "users"."id" = ?  [["confirmed_at", "2016-01-15 23:10:59.412416"], ["updated_at", "2016-01-15 23:10:59.412903"], ["id", 1]]
  [1m[36m (0.6ms)[0m  [1mcommit transaction[0m
Redirected to http://localhost:3000/users/sign_in
Completed 302 Found in 6ms (ActiveRecord: 1.0ms)


Started GET "/users/sign_in" for ::1 at 2016-01-15 15:10:59 -0800
Processing by Devise::SessionsController#new as HTML
  Rendered devise/shared/_links.html.erb (2.9ms)
  Rendered devise/sessions/new.html.erb within layouts/application (6.3ms)
Completed 200 OK in 22ms (Views: 21.3ms | ActiveRecord: 0.0ms)


Started POST "/users/sign_in" for ::1 at 2016-01-15 15:11:07 -0800
Processing by Devise::SessionsController#create as HTML
  Parameters: {"utf8"=>"✓", "authenticity_token"=>"DeQkLsV44LHhskaehZXQRBJfzGlYN2wR5kqoTQLjG74D5Q9+DMKuhguEOvaGPxoNQFxyGkvKkLJJDlsLqhxaQA==", "user"=>{"email"=>"kskwon90@yahoo.com", "password"=>"[FILTERED]", "remember_me"=>"0"}, "commit"=>"Log in"}
  [1m[35mUser Load (0.1ms)[0m  SELECT  "users".* FROM "users" WHERE "users"."email" = ?  ORDER BY "users"."id" ASC LIMIT 1  [["email", "kskwon90@yahoo.com"]]
  [1m[36m (0.1ms)[0m  [1mbegin transaction[0m
  [1m[35mSQL (0.3ms)[0m  UPDATE "users" SET "last_sign_in_at" = ?, "current_sign_in_at" = ?, "last_sign_in_ip" = ?, "current_sign_in_ip" = ?, "sign_in_count" = ?, "updated_at" = ? WHERE "users"."id" = ?  [["last_sign_in_at", "2016-01-15 23:11:07.253112"], ["current_sign_in_at", "2016-01-15 23:11:07.253112"], ["last_sign_in_ip", "::1"], ["current_sign_in_ip", "::1"], ["sign_in_count", 1], ["updated_at", "2016-01-15 23:11:07.253891"], ["id", 1]]
  [1m[36m (0.5ms)[0m  [1mcommit transaction[0m
Redirected to http://localhost:3000/
Completed 302 Found in 71ms (ActiveRecord: 1.0ms)


Started GET "/" for ::1 at 2016-01-15 15:11:07 -0800
Processing by HomebaseController#index as HTML
  [1m[35mUser Load (0.1ms)[0m  SELECT  "users".* FROM "users" WHERE "users"."id" = ?  ORDER BY "users"."id" ASC LIMIT 1  [["id", 1]]
  Rendered homebase/index.html.erb within layouts/application (0.2ms)
Completed 500 Internal Server Error in 26ms (ActiveRecord: 0.1ms)

ActionView::Template::Error (undefined local variable or method `home_index_path' for #<#<Class:0x007f806e627000>:0x007f806e62f340>):
    12:   <br>
    13:     <div class="container">
    14:       <% if user_signed_in? %>
    15:        <%= link_to 'Home', home_index_path %> |
    16:        Signed in as: <strong><%= current_user.email %></strong> |
    17:        <%= link_to 'Edit profile', edit_user_registration_path, :class => 'navbar-link' %> - <%= link_to "Sign Out", destroy_user_session_path, method: :delete, :class => 'navbar-link'  %>
    18:      <% else %>
  app/views/layouts/application.html.erb:15:in `_app_views_layouts_application_html_erb__165036278530153546_70094703638260'


  Rendered /Users/kylekwon/.rvm/gems/ruby-2.2.1/gems/actionpack-4.2.5/lib/action_dispatch/middleware/templates/rescues/_source.erb (4.1ms)
  Rendered /Users/kylekwon/.rvm/gems/ruby-2.2.1/gems/actionpack-4.2.5/lib/action_dispatch/middleware/templates/rescues/_trace.html.erb (1.7ms)
  Rendered /Users/kylekwon/.rvm/gems/ruby-2.2.1/gems/actionpack-4.2.5/lib/action_dispatch/middleware/templates/rescues/_request_and_response.html.erb (0.6ms)
  Rendered /Users/kylekwon/.rvm/gems/ruby-2.2.1/gems/actionpack-4.2.5/lib/action_dispatch/middleware/templates/rescues/template_error.html.erb within rescues/layout (35.3ms)


Started GET "/" for ::1 at 2016-01-15 15:11:29 -0800
Processing by HomebaseController#index as HTML
  [1m[36mUser Load (0.1ms)[0m  [1mSELECT  "users".* FROM "users" WHERE "users"."id" = ?  ORDER BY "users"."id" ASC LIMIT 1[0m  [["id", 1]]
  Rendered homebase/index.html.erb within layouts/application (0.0ms)
Completed 200 OK in 24ms (Views: 22.3ms | ActiveRecord: 0.1ms)


Started GET "/assets/scaffolds.self-50f74b72eb2144d9b4857cbc0606e854eabb3d10ef720dd44912625bba675ceb.css?body=1" for ::1 at 2016-01-15 15:11:29 -0800


Started GET "/assets/homebase.self-e3b0c44298fc1c149afbf4c8996fb92427ae41e4649b934ca495991b7852b855.css?body=1" for ::1 at 2016-01-15 15:11:29 -0800


Started GET "/assets/application.self-e80e8f2318043e8af94dddc2adad5a4f09739a8ebb323b3ab31cd71d45fd9113.css?body=1" for ::1 at 2016-01-15 15:11:29 -0800


Started GET "/assets/jquery.self-c64a74367bda6ef8b860f19e74df08927ca99d2be2ac934e9e92d5fd361e0da4.js?body=1" for ::1 at 2016-01-15 15:11:29 -0800


Started GET "/assets/turbolinks.self-c37727e9bd6b2735da5c311aa83fead54ed0be6cc8bd9a65309e9c5abe2cbfff.js?body=1" for ::1 at 2016-01-15 15:11:29 -0800


Started GET "/assets/jquery_ujs.self-d602bdfe68ffc63b9f9cc512872aa3cfff046228a0a36e90dd476e8ef54c1b09.js?body=1" for ::1 at 2016-01-15 15:11:29 -0800


Started GET "/assets/bootstrap.self-6c92f650931beefe48977f272b7015d6b9b45da8b09831ebf88e05193c12d355.js?body=1" for ::1 at 2016-01-15 15:11:29 -0800


Started GET "/assets/homebase.self-877aef30ae1b040ab8a3aba4e3e309a11d7f2612f44dde450b5c157aa5f95c05.js?body=1" for ::1 at 2016-01-15 15:11:29 -0800


Started GET "/assets/application.self-f8806224e027f3e3f0138ea9ce99319e298dfdb323304d1f1be6eae8e8c74724.js?body=1" for ::1 at 2016-01-15 15:11:29 -0800


Started GET "/homebase/index" for ::1 at 2016-01-15 15:11:31 -0800
Processing by HomebaseController#index as HTML
  [1m[35mUser Load (0.1ms)[0m  SELECT  "users".* FROM "users" WHERE "users"."id" = ?  ORDER BY "users"."id" ASC LIMIT 1  [["id", 1]]
  Rendered homebase/index.html.erb within layouts/application (0.2ms)
Completed 200 OK in 19ms (Views: 17.8ms | ActiveRecord: 0.1ms)


Started GET "/users/edit" for ::1 at 2016-01-15 15:11:37 -0800
Processing by Devise::RegistrationsController#edit as HTML
  [1m[36mUser Load (0.1ms)[0m  [1mSELECT  "users".* FROM "users" WHERE "users"."id" = ?  ORDER BY "users"."id" ASC LIMIT 1[0m  [["id", 1]]
  Rendered devise/registrations/edit.html.erb within layouts/application (5.1ms)
Completed 200 OK in 23ms (Views: 21.9ms | ActiveRecord: 0.1ms)


Started GET "/homebase/index" for ::1 at 2016-01-15 15:11:40 -0800
Processing by HomebaseController#index as HTML
  [1m[35mUser Load (0.1ms)[0m  SELECT  "users".* FROM "users" WHERE "users"."id" = ?  ORDER BY "users"."id" ASC LIMIT 1  [["id", 1]]
  Rendered homebase/index.html.erb within layouts/application (0.0ms)
Completed 200 OK in 15ms (Views: 14.2ms | ActiveRecord: 0.1ms)


Started GET "/homebase/index" for ::1 at 2016-01-15 15:12:35 -0800
Processing by HomebaseController#index as HTML
  [1m[36mUser Load (0.1ms)[0m  [1mSELECT  "users".* FROM "users" WHERE "users"."id" = ?  ORDER BY "users"."id" ASC LIMIT 1[0m  [["id", 1]]
  Rendered homebase/index.html.erb within layouts/application (0.0ms)
Completed 200 OK in 14ms (Views: 13.0ms | ActiveRecord: 0.1ms)


Started DELETE "/users/sign_out" for ::1 at 2016-01-15 15:12:39 -0800
Processing by Devise::SessionsController#destroy as HTML
  Parameters: {"authenticity_token"=>"2KyiK/XT7Gk3dr+z0gKSthN8WNNmIr4f45sxMZQGWEgUR8wYLuFLLpSYzDTZsuiFYF5xpp07NiX5+vL3BWBtqw=="}
  [1m[35mUser Load (0.1ms)[0m  SELECT  "users".* FROM "users" WHERE "users"."id" = ?  ORDER BY "users"."id" ASC LIMIT 1  [["id", 1]]
  [1m[36m (0.1ms)[0m  [1mbegin transaction[0m
  [1m[35m (0.1ms)[0m  commit transaction
Redirected to http://localhost:3000/
Completed 302 Found in 6ms (ActiveRecord: 0.2ms)


Started GET "/" for ::1 at 2016-01-15 15:12:39 -0800
Processing by HomebaseController#index as HTML
Completed 401 Unauthorized in 0ms (ActiveRecord: 0.0ms)


Started GET "/users/sign_in" for ::1 at 2016-01-15 15:12:39 -0800
Processing by Devise::SessionsController#new as HTML
  Rendered devise/shared/_links.html.erb (3.7ms)
  Rendered devise/sessions/new.html.erb within layouts/application (7.1ms)
Completed 200 OK in 22ms (Views: 21.3ms | ActiveRecord: 0.0ms)


Started GET "/users/sign_in" for ::1 at 2016-01-15 15:13:57 -0800
Processing by Devise::SessionsController#new as HTML
  Rendered devise/shared/_links.html.erb (2.6ms)
  Rendered devise/sessions/new.html.erb within layouts/application (5.9ms)
Completed 200 OK in 2279ms (Views: 2278.1ms | ActiveRecord: 0.0ms)


Started GET "/assets/application.self-481382a76b26180a6f2abea88440cc0a6a2b3e575ee935563d60d269145091d6.css?body=1" for ::1 at 2016-01-15 15:13:59 -0800


Started GET "/assets/scaffolds.self-50f74b72eb2144d9b4857cbc0606e854eabb3d10ef720dd44912625bba675ceb.css?body=1" for ::1 at 2016-01-15 15:13:59 -0800


Started GET "/assets/jquery.self-c64a74367bda6ef8b860f19e74df08927ca99d2be2ac934e9e92d5fd361e0da4.js?body=1" for ::1 at 2016-01-15 15:13:59 -0800


Started GET "/assets/homebase.self-e3b0c44298fc1c149afbf4c8996fb92427ae41e4649b934ca495991b7852b855.css?body=1" for ::1 at 2016-01-15 15:14:00 -0800


Started GET "/assets/turbolinks.self-c37727e9bd6b2735da5c311aa83fead54ed0be6cc8bd9a65309e9c5abe2cbfff.js?body=1" for ::1 at 2016-01-15 15:14:00 -0800


Started GET "/assets/jquery_ujs.self-d602bdfe68ffc63b9f9cc512872aa3cfff046228a0a36e90dd476e8ef54c1b09.js?body=1" for ::1 at 2016-01-15 15:14:00 -0800


Started GET "/assets/bootstrap.self-6c92f650931beefe48977f272b7015d6b9b45da8b09831ebf88e05193c12d355.js?body=1" for ::1 at 2016-01-15 15:14:00 -0800


Started GET "/assets/homebase.self-877aef30ae1b040ab8a3aba4e3e309a11d7f2612f44dde450b5c157aa5f95c05.js?body=1" for ::1 at 2016-01-15 15:14:00 -0800


Started GET "/assets/application.self-f8806224e027f3e3f0138ea9ce99319e298dfdb323304d1f1be6eae8e8c74724.js?body=1" for ::1 at 2016-01-15 15:14:00 -0800


Started POST "/users/sign_in" for ::1 at 2016-01-15 15:14:06 -0800
Processing by Devise::SessionsController#create as HTML
  Parameters: {"utf8"=>"✓", "authenticity_token"=>"tXHoXY9t+8chBxuYk4/1zt6tuP9TAFK2WrurLBuOzFgdlx024NGF80FX+aVkvMapvrHizmyxP9Q2bHqWJEb1LQ==", "user"=>{"email"=>"kskwon90@yahoo.com", "password"=>"[FILTERED]", "remember_me"=>"0"}, "commit"=>"Log in"}
  [1m[36mUser Load (0.1ms)[0m  [1mSELECT  "users".* FROM "users" WHERE "users"."email" = ?  ORDER BY "users"."id" ASC LIMIT 1[0m  [["email", "kskwon90@yahoo.com"]]
  [1m[35m (0.1ms)[0m  begin transaction
  [1m[36mSQL (0.3ms)[0m  [1mUPDATE "users" SET "current_sign_in_at" = ?, "sign_in_count" = ?, "updated_at" = ? WHERE "users"."id" = ?[0m  [["current_sign_in_at", "2016-01-15 23:14:06.981256"], ["sign_in_count", 2], ["updated_at", "2016-01-15 23:14:06.981918"], ["id", 1]]
  [1m[35m (0.5ms)[0m  commit transaction
Redirected to http://localhost:3000/
Completed 302 Found in 75ms (ActiveRecord: 1.0ms)


Started GET "/" for ::1 at 2016-01-15 15:14:06 -0800
Processing by HomebaseController#index as HTML
  [1m[36mUser Load (0.1ms)[0m  [1mSELECT  "users".* FROM "users" WHERE "users"."id" = ?  ORDER BY "users"."id" ASC LIMIT 1[0m  [["id", 1]]
  Rendered homebase/index.html.erb within layouts/application (0.0ms)
Completed 200 OK in 35ms (Views: 33.7ms | ActiveRecord: 0.1ms)


Started GET "/" for ::1 at 2016-01-15 15:16:26 -0800
Processing by HomebaseController#index as HTML
  [1m[35mUser Load (0.1ms)[0m  SELECT  "users".* FROM "users" WHERE "users"."id" = ?  ORDER BY "users"."id" ASC LIMIT 1  [["id", 1]]
  Rendered homebase/index.html.erb within layouts/application (0.0ms)
Completed 200 OK in 27ms (Views: 25.5ms | ActiveRecord: 0.1ms)


Started GET "/assets/scaffolds.self-50f74b72eb2144d9b4857cbc0606e854eabb3d10ef720dd44912625bba675ceb.css?body=1" for ::1 at 2016-01-15 15:16:26 -0800


Started GET "/assets/jquery_ujs.self-d602bdfe68ffc63b9f9cc512872aa3cfff046228a0a36e90dd476e8ef54c1b09.js?body=1" for ::1 at 2016-01-15 15:16:26 -0800


Started GET "/assets/turbolinks.self-c37727e9bd6b2735da5c311aa83fead54ed0be6cc8bd9a65309e9c5abe2cbfff.js?body=1" for ::1 at 2016-01-15 15:16:26 -0800


Started GET "/assets/jquery.self-c64a74367bda6ef8b860f19e74df08927ca99d2be2ac934e9e92d5fd361e0da4.js?body=1" for ::1 at 2016-01-15 15:16:26 -0800


Started GET "/assets/homebase.self-e3b0c44298fc1c149afbf4c8996fb92427ae41e4649b934ca495991b7852b855.css?body=1" for ::1 at 2016-01-15 15:16:26 -0800


Started GET "/assets/application.self-481382a76b26180a6f2abea88440cc0a6a2b3e575ee935563d60d269145091d6.css?body=1" for ::1 at 2016-01-15 15:16:26 -0800


Started GET "/assets/bootstrap.self-6c92f650931beefe48977f272b7015d6b9b45da8b09831ebf88e05193c12d355.js?body=1" for ::1 at 2016-01-15 15:16:26 -0800


Started GET "/assets/homebase.self-877aef30ae1b040ab8a3aba4e3e309a11d7f2612f44dde450b5c157aa5f95c05.js?body=1" for ::1 at 2016-01-15 15:16:26 -0800


Started GET "/assets/application.self-f8806224e027f3e3f0138ea9ce99319e298dfdb323304d1f1be6eae8e8c74724.js?body=1" for ::1 at 2016-01-15 15:16:26 -0800


Started GET "/" for ::1 at 2016-01-15 15:17:27 -0800
Processing by HomebaseController#index as HTML
  [1m[36mUser Load (0.1ms)[0m  [1mSELECT  "users".* FROM "users" WHERE "users"."id" = ?  ORDER BY "users"."id" ASC LIMIT 1[0m  [["id", 1]]
  Rendered homebase/index.html.erb within layouts/application (0.0ms)
Completed 200 OK in 28ms (Views: 26.7ms | ActiveRecord: 0.1ms)


Started GET "/assets/scaffolds.self-50f74b72eb2144d9b4857cbc0606e854eabb3d10ef720dd44912625bba675ceb.css?body=1" for ::1 at 2016-01-15 15:17:27 -0800


Started GET "/assets/jquery.self-c64a74367bda6ef8b860f19e74df08927ca99d2be2ac934e9e92d5fd361e0da4.js?body=1" for ::1 at 2016-01-15 15:17:27 -0800


Started GET "/assets/jquery_ujs.self-d602bdfe68ffc63b9f9cc512872aa3cfff046228a0a36e90dd476e8ef54c1b09.js?body=1" for ::1 at 2016-01-15 15:17:27 -0800


Started GET "/assets/application.self-481382a76b26180a6f2abea88440cc0a6a2b3e575ee935563d60d269145091d6.css?body=1" for ::1 at 2016-01-15 15:17:27 -0800


Started GET "/assets/homebase.self-e3b0c44298fc1c149afbf4c8996fb92427ae41e4649b934ca495991b7852b855.css?body=1" for ::1 at 2016-01-15 15:17:27 -0800


Started GET "/assets/turbolinks.self-c37727e9bd6b2735da5c311aa83fead54ed0be6cc8bd9a65309e9c5abe2cbfff.js?body=1" for ::1 at 2016-01-15 15:17:27 -0800


Started GET "/assets/bootstrap.self-6c92f650931beefe48977f272b7015d6b9b45da8b09831ebf88e05193c12d355.js?body=1" for ::1 at 2016-01-15 15:17:27 -0800


Started GET "/assets/homebase.self-877aef30ae1b040ab8a3aba4e3e309a11d7f2612f44dde450b5c157aa5f95c05.js?body=1" for ::1 at 2016-01-15 15:17:27 -0800


Started GET "/assets/application.self-f8806224e027f3e3f0138ea9ce99319e298dfdb323304d1f1be6eae8e8c74724.js?body=1" for ::1 at 2016-01-15 15:17:27 -0800


Started GET "/" for ::1 at 2016-01-15 15:18:13 -0800
Processing by HomebaseController#index as HTML
  [1m[35mUser Load (0.1ms)[0m  SELECT  "users".* FROM "users" WHERE "users"."id" = ?  ORDER BY "users"."id" ASC LIMIT 1  [["id", 1]]
  Rendered homebase/index.html.erb within layouts/application (0.0ms)
Completed 200 OK in 32ms (Views: 30.6ms | ActiveRecord: 0.1ms)


Started GET "/assets/scaffolds.self-50f74b72eb2144d9b4857cbc0606e854eabb3d10ef720dd44912625bba675ceb.css?body=1" for ::1 at 2016-01-15 15:18:13 -0800


Started GET "/assets/turbolinks.self-c37727e9bd6b2735da5c311aa83fead54ed0be6cc8bd9a65309e9c5abe2cbfff.js?body=1" for ::1 at 2016-01-15 15:18:13 -0800


Started GET "/assets/jquery_ujs.self-d602bdfe68ffc63b9f9cc512872aa3cfff046228a0a36e90dd476e8ef54c1b09.js?body=1" for ::1 at 2016-01-15 15:18:13 -0800


Started GET "/assets/homebase.self-e3b0c44298fc1c149afbf4c8996fb92427ae41e4649b934ca495991b7852b855.css?body=1" for ::1 at 2016-01-15 15:18:13 -0800


Started GET "/assets/jquery.self-c64a74367bda6ef8b860f19e74df08927ca99d2be2ac934e9e92d5fd361e0da4.js?body=1" for ::1 at 2016-01-15 15:18:13 -0800


Started GET "/assets/application.self-481382a76b26180a6f2abea88440cc0a6a2b3e575ee935563d60d269145091d6.css?body=1" for ::1 at 2016-01-15 15:18:13 -0800


Started GET "/assets/bootstrap.self-6c92f650931beefe48977f272b7015d6b9b45da8b09831ebf88e05193c12d355.js?body=1" for ::1 at 2016-01-15 15:18:13 -0800


Started GET "/assets/homebase.self-877aef30ae1b040ab8a3aba4e3e309a11d7f2612f44dde450b5c157aa5f95c05.js?body=1" for ::1 at 2016-01-15 15:18:13 -0800


Started GET "/assets/application.self-f8806224e027f3e3f0138ea9ce99319e298dfdb323304d1f1be6eae8e8c74724.js?body=1" for ::1 at 2016-01-15 15:18:13 -0800


Started GET "/" for ::1 at 2016-01-15 15:18:33 -0800
Processing by HomebaseController#index as HTML
  [1m[36mUser Load (0.1ms)[0m  [1mSELECT  "users".* FROM "users" WHERE "users"."id" = ?  ORDER BY "users"."id" ASC LIMIT 1[0m  [["id", 1]]
  Rendered homebase/index.html.erb within layouts/application (0.0ms)
Completed 200 OK in 27ms (Views: 25.7ms | ActiveRecord: 0.1ms)


Started GET "/assets/homebase.self-e3b0c44298fc1c149afbf4c8996fb92427ae41e4649b934ca495991b7852b855.css?body=1" for ::1 at 2016-01-15 15:18:33 -0800


Started GET "/assets/jquery.self-c64a74367bda6ef8b860f19e74df08927ca99d2be2ac934e9e92d5fd361e0da4.js?body=1" for ::1 at 2016-01-15 15:18:33 -0800


Started GET "/assets/scaffolds.self-50f74b72eb2144d9b4857cbc0606e854eabb3d10ef720dd44912625bba675ceb.css?body=1" for ::1 at 2016-01-15 15:18:33 -0800


Started GET "/assets/turbolinks.self-c37727e9bd6b2735da5c311aa83fead54ed0be6cc8bd9a65309e9c5abe2cbfff.js?body=1" for ::1 at 2016-01-15 15:18:33 -0800


Started GET "/assets/jquery_ujs.self-d602bdfe68ffc63b9f9cc512872aa3cfff046228a0a36e90dd476e8ef54c1b09.js?body=1" for ::1 at 2016-01-15 15:18:33 -0800


Started GET "/assets/application.self-481382a76b26180a6f2abea88440cc0a6a2b3e575ee935563d60d269145091d6.css?body=1" for ::1 at 2016-01-15 15:18:33 -0800


Started GET "/assets/bootstrap.self-6c92f650931beefe48977f272b7015d6b9b45da8b09831ebf88e05193c12d355.js?body=1" for ::1 at 2016-01-15 15:18:33 -0800


Started GET "/assets/homebase.self-877aef30ae1b040ab8a3aba4e3e309a11d7f2612f44dde450b5c157aa5f95c05.js?body=1" for ::1 at 2016-01-15 15:18:33 -0800


Started GET "/assets/application.self-f8806224e027f3e3f0138ea9ce99319e298dfdb323304d1f1be6eae8e8c74724.js?body=1" for ::1 at 2016-01-15 15:18:33 -0800


Started GET "/" for ::1 at 2016-01-15 15:23:23 -0800
Processing by HomebaseController#index as HTML
  [1m[35mUser Load (0.2ms)[0m  SELECT  "users".* FROM "users" WHERE "users"."id" = ?  ORDER BY "users"."id" ASC LIMIT 1  [["id", 1]]
  Rendered homebase/index.html.erb within layouts/application (0.0ms)
Completed 200 OK in 1393ms (Views: 1378.5ms | ActiveRecord: 0.7ms)


Started GET "/assets/application.self-481382a76b26180a6f2abea88440cc0a6a2b3e575ee935563d60d269145091d6.css?body=1" for ::1 at 2016-01-15 15:23:24 -0800


Started GET "/assets/homebase.self-e3b0c44298fc1c149afbf4c8996fb92427ae41e4649b934ca495991b7852b855.css?body=1" for ::1 at 2016-01-15 15:23:24 -0800


Started GET "/assets/jquery.self-c64a74367bda6ef8b860f19e74df08927ca99d2be2ac934e9e92d5fd361e0da4.js?body=1" for ::1 at 2016-01-15 15:23:25 -0800


Started GET "/assets/turbolinks.self-c37727e9bd6b2735da5c311aa83fead54ed0be6cc8bd9a65309e9c5abe2cbfff.js?body=1" for ::1 at 2016-01-15 15:23:25 -0800


Started GET "/assets/bootstrap.self-6c92f650931beefe48977f272b7015d6b9b45da8b09831ebf88e05193c12d355.js?body=1" for ::1 at 2016-01-15 15:23:25 -0800


Started GET "/assets/jquery_ujs.self-d602bdfe68ffc63b9f9cc512872aa3cfff046228a0a36e90dd476e8ef54c1b09.js?body=1" for ::1 at 2016-01-15 15:23:25 -0800


Started GET "/assets/homebase.self-877aef30ae1b040ab8a3aba4e3e309a11d7f2612f44dde450b5c157aa5f95c05.js?body=1" for ::1 at 2016-01-15 15:23:25 -0800


Started GET "/assets/application.self-f8806224e027f3e3f0138ea9ce99319e298dfdb323304d1f1be6eae8e8c74724.js?body=1" for ::1 at 2016-01-15 15:23:25 -0800


Started GET "/" for ::1 at 2016-01-15 15:23:49 -0800
Processing by HomebaseController#index as HTML
  [1m[36mUser Load (0.2ms)[0m  [1mSELECT  "users".* FROM "users" WHERE "users"."id" = ?  ORDER BY "users"."id" ASC LIMIT 1[0m  [["id", 1]]
  Rendered homebase/index.html.erb within layouts/application (0.0ms)
Completed 200 OK in 28ms (Views: 27.0ms | ActiveRecord: 0.2ms)


Started GET "/assets/homebase.self-e3b0c44298fc1c149afbf4c8996fb92427ae41e4649b934ca495991b7852b855.css?body=1" for ::1 at 2016-01-15 15:23:49 -0800


Started GET "/assets/jquery.self-c64a74367bda6ef8b860f19e74df08927ca99d2be2ac934e9e92d5fd361e0da4.js?body=1" for ::1 at 2016-01-15 15:23:49 -0800


Started GET "/assets/jquery_ujs.self-d602bdfe68ffc63b9f9cc512872aa3cfff046228a0a36e90dd476e8ef54c1b09.js?body=1" for ::1 at 2016-01-15 15:23:49 -0800


Started GET "/assets/application.self-481382a76b26180a6f2abea88440cc0a6a2b3e575ee935563d60d269145091d6.css?body=1" for ::1 at 2016-01-15 15:23:49 -0800


Started GET "/assets/bootstrap.self-6c92f650931beefe48977f272b7015d6b9b45da8b09831ebf88e05193c12d355.js?body=1" for ::1 at 2016-01-15 15:23:49 -0800


Started GET "/assets/turbolinks.self-c37727e9bd6b2735da5c311aa83fead54ed0be6cc8bd9a65309e9c5abe2cbfff.js?body=1" for ::1 at 2016-01-15 15:23:49 -0800


Started GET "/assets/homebase.self-877aef30ae1b040ab8a3aba4e3e309a11d7f2612f44dde450b5c157aa5f95c05.js?body=1" for ::1 at 2016-01-15 15:23:49 -0800


Started GET "/assets/application.self-f8806224e027f3e3f0138ea9ce99319e298dfdb323304d1f1be6eae8e8c74724.js?body=1" for ::1 at 2016-01-15 15:23:49 -0800


Started GET "/homebase/index" for ::1 at 2016-01-15 15:23:54 -0800
Processing by HomebaseController#index as HTML
  [1m[35mUser Load (0.1ms)[0m  SELECT  "users".* FROM "users" WHERE "users"."id" = ?  ORDER BY "users"."id" ASC LIMIT 1  [["id", 1]]
  Rendered homebase/index.html.erb within layouts/application (0.0ms)
Completed 200 OK in 25ms (Views: 23.5ms | ActiveRecord: 0.1ms)


Started GET "/homebase/index" for ::1 at 2016-01-15 15:25:14 -0800
Processing by HomebaseController#index as HTML
  [1m[36mUser Load (0.1ms)[0m  [1mSELECT  "users".* FROM "users" WHERE "users"."id" = ?  ORDER BY "users"."id" ASC LIMIT 1[0m  [["id", 1]]
  Rendered homebase/index.html.erb within layouts/application (0.3ms)
Completed 200 OK in 28ms (Views: 26.5ms | ActiveRecord: 0.1ms)


Started GET "/assets/homebase.self-e3b0c44298fc1c149afbf4c8996fb92427ae41e4649b934ca495991b7852b855.css?body=1" for ::1 at 2016-01-15 15:25:14 -0800


Started GET "/assets/jquery_ujs.self-d602bdfe68ffc63b9f9cc512872aa3cfff046228a0a36e90dd476e8ef54c1b09.js?body=1" for ::1 at 2016-01-15 15:25:14 -0800


Started GET "/assets/application.self-481382a76b26180a6f2abea88440cc0a6a2b3e575ee935563d60d269145091d6.css?body=1" for ::1 at 2016-01-15 15:25:14 -0800


Started GET "/assets/jquery.self-c64a74367bda6ef8b860f19e74df08927ca99d2be2ac934e9e92d5fd361e0da4.js?body=1" for ::1 at 2016-01-15 15:25:14 -0800


Started GET "/assets/bootstrap.self-6c92f650931beefe48977f272b7015d6b9b45da8b09831ebf88e05193c12d355.js?body=1" for ::1 at 2016-01-15 15:25:14 -0800


Started GET "/assets/turbolinks.self-c37727e9bd6b2735da5c311aa83fead54ed0be6cc8bd9a65309e9c5abe2cbfff.js?body=1" for ::1 at 2016-01-15 15:25:14 -0800


Started GET "/assets/homebase.self-877aef30ae1b040ab8a3aba4e3e309a11d7f2612f44dde450b5c157aa5f95c05.js?body=1" for ::1 at 2016-01-15 15:25:14 -0800


Started GET "/assets/application.self-f8806224e027f3e3f0138ea9ce99319e298dfdb323304d1f1be6eae8e8c74724.js?body=1" for ::1 at 2016-01-15 15:25:14 -0800


Started GET "/homebase/index" for ::1 at 2016-01-15 15:25:15 -0800
Processing by HomebaseController#index as HTML
  [1m[35mUser Load (0.1ms)[0m  SELECT  "users".* FROM "users" WHERE "users"."id" = ?  ORDER BY "users"."id" ASC LIMIT 1  [["id", 1]]
  Rendered homebase/index.html.erb within layouts/application (0.0ms)
Completed 200 OK in 26ms (Views: 25.0ms | ActiveRecord: 0.1ms)


Started GET "/users/edit" for ::1 at 2016-01-15 15:25:16 -0800
Processing by Devise::RegistrationsController#edit as HTML
  [1m[36mUser Load (0.1ms)[0m  [1mSELECT  "users".* FROM "users" WHERE "users"."id" = ?  ORDER BY "users"."id" ASC LIMIT 1[0m  [["id", 1]]
  Rendered devise/registrations/edit.html.erb within layouts/application (4.3ms)
Completed 200 OK in 28ms (Views: 26.5ms | ActiveRecord: 0.1ms)


Started GET "/users/edit" for ::1 at 2016-01-15 15:25:19 -0800
Processing by Devise::RegistrationsController#edit as HTML
  [1m[35mUser Load (0.1ms)[0m  SELECT  "users".* FROM "users" WHERE "users"."id" = ?  ORDER BY "users"."id" ASC LIMIT 1  [["id", 1]]
  Rendered devise/registrations/edit.html.erb within layouts/application (3.8ms)
Completed 200 OK in 38ms (Views: 36.7ms | ActiveRecord: 0.1ms)


Started GET "/homebase/index" for ::1 at 2016-01-15 15:25:23 -0800
Processing by HomebaseController#index as HTML
  [1m[36mUser Load (0.1ms)[0m  [1mSELECT  "users".* FROM "users" WHERE "users"."id" = ?  ORDER BY "users"."id" ASC LIMIT 1[0m  [["id", 1]]
  Rendered homebase/index.html.erb within layouts/application (0.0ms)
Completed 200 OK in 28ms (Views: 26.7ms | ActiveRecord: 0.1ms)


Started GET "/users/edit" for ::1 at 2016-01-15 15:25:24 -0800
Processing by Devise::RegistrationsController#edit as HTML
  [1m[35mUser Load (0.1ms)[0m  SELECT  "users".* FROM "users" WHERE "users"."id" = ?  ORDER BY "users"."id" ASC LIMIT 1  [["id", 1]]
  Rendered devise/registrations/edit.html.erb within layouts/application (5.2ms)
Completed 200 OK in 35ms (Views: 33.2ms | ActiveRecord: 0.1ms)


Started DELETE "/users/sign_out" for ::1 at 2016-01-15 15:25:25 -0800
Processing by Devise::SessionsController#destroy as HTML
  Parameters: {"authenticity_token"=>"3T98DHgvpYRB1j+mmGrT0d73lDjU6GSmp7+OjphUKffs5k19VjSpu5gRO0kQIjEVuNLTmg8SZ2i9CMmd5vae9g=="}
  [1m[36mUser Load (0.1ms)[0m  [1mSELECT  "users".* FROM "users" WHERE "users"."id" = ?  ORDER BY "users"."id" ASC LIMIT 1[0m  [["id", 1]]
  [1m[35m (0.1ms)[0m  begin transaction
  [1m[36m (0.0ms)[0m  [1mcommit transaction[0m
Redirected to http://localhost:3000/
Completed 302 Found in 3ms (ActiveRecord: 0.2ms)


Started GET "/" for ::1 at 2016-01-15 15:25:25 -0800
Processing by HomebaseController#index as HTML
Completed 401 Unauthorized in 1ms (ActiveRecord: 0.0ms)


Started GET "/users/sign_in" for ::1 at 2016-01-15 15:25:25 -0800
Processing by Devise::SessionsController#new as HTML
  Rendered devise/shared/_links.html.erb (3.1ms)
  Rendered devise/sessions/new.html.erb within layouts/application (7.5ms)
Completed 200 OK in 37ms (Views: 35.9ms | ActiveRecord: 0.0ms)


Started POST "/users/sign_in" for ::1 at 2016-01-15 15:25:58 -0800
Processing by Devise::SessionsController#create as HTML
  Parameters: {"utf8"=>"✓", "authenticity_token"=>"d3hsbvjPcSraAvvLxgkXKj/sn8s8vJ1hcA2t9DGXY7yZBW8MHNti9JnECCAzG4rdrF0sZA1IXlcvK+P1gRDDEA==", "user"=>{"email"=>"kskwon90@yahoo.com", "password"=>"[FILTERED]", "remember_me"=>"0"}, "commit"=>"Log in"}
  [1m[35mUser Load (0.2ms)[0m  SELECT  "users".* FROM "users" WHERE "users"."email" = ?  ORDER BY "users"."id" ASC LIMIT 1  [["email", "kskwon90@yahoo.com"]]
  [1m[36m (0.1ms)[0m  [1mbegin transaction[0m
  [1m[35mSQL (0.3ms)[0m  UPDATE "users" SET "last_sign_in_at" = ?, "current_sign_in_at" = ?, "sign_in_count" = ?, "updated_at" = ? WHERE "users"."id" = ?  [["last_sign_in_at", "2016-01-15 23:14:06.981256"], ["current_sign_in_at", "2016-01-15 23:25:58.504172"], ["sign_in_count", 3], ["updated_at", "2016-01-15 23:25:58.504945"], ["id", 1]]
  [1m[36m (0.6ms)[0m  [1mcommit transaction[0m
Redirected to http://localhost:3000/
Completed 302 Found in 72ms (ActiveRecord: 1.1ms)


Started GET "/" for ::1 at 2016-01-15 15:25:58 -0800
Processing by HomebaseController#index as HTML
  [1m[35mUser Load (0.1ms)[0m  SELECT  "users".* FROM "users" WHERE "users"."id" = ?  ORDER BY "users"."id" ASC LIMIT 1  [["id", 1]]
  Rendered homebase/index.html.erb within layouts/application (0.0ms)
Completed 200 OK in 23ms (Views: 21.7ms | ActiveRecord: 0.1ms)


Started GET "/" for ::1 at 2016-01-15 15:26:19 -0800
Processing by HomebaseController#index as HTML
  [1m[36mUser Load (0.1ms)[0m  [1mSELECT  "users".* FROM "users" WHERE "users"."id" = ?  ORDER BY "users"."id" ASC LIMIT 1[0m  [["id", 1]]
  Rendered homebase/index.html.erb within layouts/application (0.0ms)
Completed 200 OK in 27ms (Views: 25.4ms | ActiveRecord: 0.1ms)


Started GET "/assets/homebase.self-e3b0c44298fc1c149afbf4c8996fb92427ae41e4649b934ca495991b7852b855.css?body=1" for ::1 at 2016-01-15 15:26:19 -0800


Started GET "/assets/jquery.self-c64a74367bda6ef8b860f19e74df08927ca99d2be2ac934e9e92d5fd361e0da4.js?body=1" for ::1 at 2016-01-15 15:26:19 -0800


Started GET "/assets/jquery_ujs.self-d602bdfe68ffc63b9f9cc512872aa3cfff046228a0a36e90dd476e8ef54c1b09.js?body=1" for ::1 at 2016-01-15 15:26:19 -0800


Started GET "/assets/application.self-481382a76b26180a6f2abea88440cc0a6a2b3e575ee935563d60d269145091d6.css?body=1" for ::1 at 2016-01-15 15:26:19 -0800


Started GET "/assets/turbolinks.self-c37727e9bd6b2735da5c311aa83fead54ed0be6cc8bd9a65309e9c5abe2cbfff.js?body=1" for ::1 at 2016-01-15 15:26:19 -0800


Started GET "/assets/bootstrap.self-6c92f650931beefe48977f272b7015d6b9b45da8b09831ebf88e05193c12d355.js?body=1" for ::1 at 2016-01-15 15:26:19 -0800


Started GET "/assets/homebase.self-877aef30ae1b040ab8a3aba4e3e309a11d7f2612f44dde450b5c157aa5f95c05.js?body=1" for ::1 at 2016-01-15 15:26:19 -0800


Started GET "/assets/application.self-f8806224e027f3e3f0138ea9ce99319e298dfdb323304d1f1be6eae8e8c74724.js?body=1" for ::1 at 2016-01-15 15:26:19 -0800


Started GET "/" for ::1 at 2016-01-15 15:27:14 -0800
Processing by HomebaseController#index as HTML
  [1m[35mUser Load (0.1ms)[0m  SELECT  "users".* FROM "users" WHERE "users"."id" = ?  ORDER BY "users"."id" ASC LIMIT 1  [["id", 1]]
  Rendered homebase/index.html.erb within layouts/application (0.0ms)
Completed 200 OK in 22ms (Views: 20.7ms | ActiveRecord: 0.1ms)


Started GET "/assets/homebase.self-e3b0c44298fc1c149afbf4c8996fb92427ae41e4649b934ca495991b7852b855.css?body=1" for ::1 at 2016-01-15 15:27:15 -0800


Started GET "/assets/application.self-481382a76b26180a6f2abea88440cc0a6a2b3e575ee935563d60d269145091d6.css?body=1" for ::1 at 2016-01-15 15:27:15 -0800


Started GET "/assets/jquery_ujs.self-d602bdfe68ffc63b9f9cc512872aa3cfff046228a0a36e90dd476e8ef54c1b09.js?body=1" for ::1 at 2016-01-15 15:27:15 -0800


Started GET "/assets/jquery.self-c64a74367bda6ef8b860f19e74df08927ca99d2be2ac934e9e92d5fd361e0da4.js?body=1" for ::1 at 2016-01-15 15:27:15 -0800


Started GET "/assets/bootstrap.self-6c92f650931beefe48977f272b7015d6b9b45da8b09831ebf88e05193c12d355.js?body=1" for ::1 at 2016-01-15 15:27:15 -0800


Started GET "/assets/turbolinks.self-c37727e9bd6b2735da5c311aa83fead54ed0be6cc8bd9a65309e9c5abe2cbfff.js?body=1" for ::1 at 2016-01-15 15:27:15 -0800


Started GET "/assets/homebase.self-877aef30ae1b040ab8a3aba4e3e309a11d7f2612f44dde450b5c157aa5f95c05.js?body=1" for ::1 at 2016-01-15 15:27:15 -0800


Started GET "/assets/application.self-f8806224e027f3e3f0138ea9ce99319e298dfdb323304d1f1be6eae8e8c74724.js?body=1" for ::1 at 2016-01-15 15:27:15 -0800


Started GET "/" for ::1 at 2016-01-15 15:27:30 -0800
Processing by HomebaseController#index as HTML
  [1m[36mUser Load (0.1ms)[0m  [1mSELECT  "users".* FROM "users" WHERE "users"."id" = ?  ORDER BY "users"."id" ASC LIMIT 1[0m  [["id", 1]]
  Rendered homebase/index.html.erb within layouts/application (0.0ms)
Completed 200 OK in 24ms (Views: 23.0ms | ActiveRecord: 0.1ms)


Started GET "/assets/homebase.self-e3b0c44298fc1c149afbf4c8996fb92427ae41e4649b934ca495991b7852b855.css?body=1" for ::1 at 2016-01-15 15:27:30 -0800


Started GET "/assets/application.self-481382a76b26180a6f2abea88440cc0a6a2b3e575ee935563d60d269145091d6.css?body=1" for ::1 at 2016-01-15 15:27:30 -0800


Started GET "/assets/bootstrap.self-6c92f650931beefe48977f272b7015d6b9b45da8b09831ebf88e05193c12d355.js?body=1" for ::1 at 2016-01-15 15:27:30 -0800


Started GET "/assets/turbolinks.self-c37727e9bd6b2735da5c311aa83fead54ed0be6cc8bd9a65309e9c5abe2cbfff.js?body=1" for ::1 at 2016-01-15 15:27:30 -0800


Started GET "/assets/jquery_ujs.self-d602bdfe68ffc63b9f9cc512872aa3cfff046228a0a36e90dd476e8ef54c1b09.js?body=1" for ::1 at 2016-01-15 15:27:30 -0800


Started GET "/assets/jquery.self-c64a74367bda6ef8b860f19e74df08927ca99d2be2ac934e9e92d5fd361e0da4.js?body=1" for ::1 at 2016-01-15 15:27:30 -0800


Started GET "/assets/homebase.self-877aef30ae1b040ab8a3aba4e3e309a11d7f2612f44dde450b5c157aa5f95c05.js?body=1" for ::1 at 2016-01-15 15:27:30 -0800


Started GET "/assets/application.self-f8806224e027f3e3f0138ea9ce99319e298dfdb323304d1f1be6eae8e8c74724.js?body=1" for ::1 at 2016-01-15 15:27:30 -0800


Started GET "/" for ::1 at 2016-01-15 15:27:57 -0800
Processing by HomebaseController#index as HTML
  [1m[35mUser Load (0.1ms)[0m  SELECT  "users".* FROM "users" WHERE "users"."id" = ?  ORDER BY "users"."id" ASC LIMIT 1  [["id", 1]]
  Rendered homebase/index.html.erb within layouts/application (0.0ms)
Completed 200 OK in 23ms (Views: 21.3ms | ActiveRecord: 0.1ms)


Started GET "/assets/homebase.self-e3b0c44298fc1c149afbf4c8996fb92427ae41e4649b934ca495991b7852b855.css?body=1" for ::1 at 2016-01-15 15:27:57 -0800


Started GET "/assets/jquery_ujs.self-d602bdfe68ffc63b9f9cc512872aa3cfff046228a0a36e90dd476e8ef54c1b09.js?body=1" for ::1 at 2016-01-15 15:27:57 -0800


Started GET "/assets/application.self-481382a76b26180a6f2abea88440cc0a6a2b3e575ee935563d60d269145091d6.css?body=1" for ::1 at 2016-01-15 15:27:57 -0800


Started GET "/assets/bootstrap.self-6c92f650931beefe48977f272b7015d6b9b45da8b09831ebf88e05193c12d355.js?body=1" for ::1 at 2016-01-15 15:27:57 -0800


Started GET "/assets/jquery.self-c64a74367bda6ef8b860f19e74df08927ca99d2be2ac934e9e92d5fd361e0da4.js?body=1" for ::1 at 2016-01-15 15:27:57 -0800


Started GET "/assets/turbolinks.self-c37727e9bd6b2735da5c311aa83fead54ed0be6cc8bd9a65309e9c5abe2cbfff.js?body=1" for ::1 at 2016-01-15 15:27:57 -0800


Started GET "/assets/homebase.self-877aef30ae1b040ab8a3aba4e3e309a11d7f2612f44dde450b5c157aa5f95c05.js?body=1" for ::1 at 2016-01-15 15:27:57 -0800


Started GET "/assets/application.self-f8806224e027f3e3f0138ea9ce99319e298dfdb323304d1f1be6eae8e8c74724.js?body=1" for ::1 at 2016-01-15 15:27:57 -0800


Started GET "/" for ::1 at 2016-01-15 16:04:33 -0800
  [1m[36mActiveRecord::SchemaMigration Load (0.1ms)[0m  [1mSELECT "schema_migrations".* FROM "schema_migrations"[0m
Processing by HomebaseController#index as HTML
  [1m[35mUser Load (0.2ms)[0m  SELECT  "users".* FROM "users" WHERE "users"."id" = ?  ORDER BY "users"."id" ASC LIMIT 1  [["id", 1]]
  Rendered homebase/index.html.erb within layouts/application (0.7ms)
Completed 200 OK in 362ms (Views: 336.1ms | ActiveRecord: 0.6ms)
